#
# A fatal error has been detected by the Java Runtime Environment:
#
#  EXCEPTION_ACCESS_VIOLATION (0xc0000005) at pc=0x00007ff8ab28b773, pid=137052, tid=162312
#
# JRE version: Java(TM) SE Runtime Environment (21.0.2+13) (build 21.0.2+13-LTS-58)
# Java VM: Java HotSpot(TM) 64-Bit Server VM (21.0.2+13-LTS-58, mixed mode, sharing, tiered, compressed oops, compressed class ptrs, g1 gc, windows-amd64)
# Problematic frame:
# V  [jvm.dll+0x46b773]
#
# No core dump will be written. Minidumps are not enabled by default on client versions of Windows
#
# If you would like to submit a bug report, please visit:
#   https://bugreport.java.com/bugreport/crash.jsp
#

---------------  S U M M A R Y ------------

Command Line: -Dfile.encoding=windows-1251 -Duser.country=RU -Duser.language=ru -Duser.variant --module-path=D:\Projects\Injector\build\libs\Injector-1.jar;D:\Projects\Injector\build\classes\java\main;C:\Users\ancen\.gradle\caches\modules-2\files-2.1\org.openjfx\javafx-fxml\21\4a1cd270e1ae03ae73110eb68622afd457c6f903\javafx-fxml-21-win.jar;C:\Users\ancen\.gradle\caches\modules-2\files-2.1\org.openjfx\javafx-web\21\f53cab2e01c28dd3a26d250145e1ddc86fcf125a\javafx-web-21-win.jar;C:\Users\ancen\.gradle\caches\modules-2\files-2.1\org.openjfx\javafx-controls\21\76e295d84578a3d9688e092aae3f2ff1cf3e83a9\javafx-controls-21-win.jar;C:\Users\ancen\.gradle\caches\modules-2\files-2.1\org.openjfx\javafx-controls\21\f290138dcff0ee5679eebd2096f29dfa1f7563c6\javafx-controls-21.jar;C:\Users\ancen\.gradle\caches\modules-2\files-2.1\org.openjfx\javafx-media\21\f5e89e981be5c3c6f316b6f8b7b49686cd7c6d58\javafx-media-21-win.jar;C:\Users\ancen\.gradle\caches\modules-2\files-2.1\org.openjfx\javafx-media\21\7767ab6303b3ebae213a0064ffd941ade8a6f92a\javafx-media-21.jar;C:\Users\ancen\.gradle\caches\modules-2\files-2.1\org.openjfx\javafx-swing\21\85c12ff6018b55276d3fef2bc83751ebfe3d58e5\javafx-swing-21-win.jar;C:\Users\ancen\.gradle\caches\modules-2\files-2.1\org.openjfx\javafx-graphics\21\8083d97ea236079c82cf8e3463b62990340346d4\javafx-graphics-21-win.jar;C:\Users\ancen\.gradle\caches\modules-2\files-2.1\org.openjfx\javafx-graphics\21\f8d0163c8bf9cffdcf2eac163446ea550b3051ca\javafx-graphics-21.jar;C:\Users\ancen\.gradle\caches\modules-2\files-2.1\org.openjfx\javafx-base\21\a7e334fbb619859e1010cad06ddcf16e774c87a0\javafx-base-21-win.jar;C:\Users\ancen\.gradle\caches\modules-2\files-2.1\org.openjfx\javafx-base\21\be7576df67c204d6d3f9c6c5d4db4e268ff22ff2\javafx-base-21.jar;C:\Users\ancen\.gradle\caches\modules-2\files-2.1\com.dlsc.formsfx\formsfx-core\11.6.0\dd14a71601781f316a3d5259af549c37b4b3b311\formsfx-core-11.6.0.jar;C:\Users\ancen\.gradle\caches\modules-2\files-2.1\net.synedra\validatorfx\0.4.0\ff80a01090eb60c75eeaf58ec4c863a0feb768ca\validatorfx-0.4.0.jar;C:\Users\ancen\.gradle\cach-Djdk.module.main=com.lifedrained.injector.injector com.lifedrained.injector.injector/com.lifedrained.injector.injector.HelloApplication

Host: 12th Gen Intel(R) Core(TM) i7-12650H, 16 cores, 15G,  Windows 11 , 64 bit Build 22621 (10.0.22621.3672)
Time: Thu Jul 11 14:35:17 2024 RTZ 8 (s 11 , 64 bit Build 22621 (10.0.22621.3672) elapsed time: 44.591864 seconds (0d 0h 0m 44s)

---------------  T H R E A D  ---------------

Current thread (0x0000025d0e334270):  JavaThread "JavaFX Application Thread"        [_thread_in_vm, id=162312, stack(0x000000ebd2000000,0x000000ebd2100000) (1024K)]

Stack: [0x000000ebd2000000,0x000000ebd2100000],  sp=0x000000ebd20fe820,  free space=1018k
Native frames: (J=compiled Java code, j=interpreted, Vv=VM code, C=native code)
V  [jvm.dll+0x46b773]
V  [jvm.dll+0x3dd5f4]
V  [jvm.dll+0x6cad02]
V  [jvm.dll+0x3dd0be]
V  [jvm.dll+0x450341]
V  [jvm.dll+0x4480d5]
C  [glass.dll+0x510c]

Java frames: (J=compiled Java code, j=interpreted, Vv=VM code)
j  com.sun.glass.ui.win.WinApplication._runLoop(Ljava/lang/Runnable;)V+0 javafx.graphics@21
j  com.sun.glass.ui.win.WinApplication.lambda$runLoop$3(ILjava/lang/Runnable;)V+8 javafx.graphics@21
j  com.sun.glass.ui.win.WinApplication$$Lambda+0x0000025cca0328c8.run()V+12 javafx.graphics@21
j  java.lang.Thread.runWith(Ljava/lang/Object;Ljava/lang/Runnable;)V+5 java.base@21.0.2
j  java.lang.Thread.run()V+19 java.base@21.0.2
v  ~StubRoutines::call_stub 0x0000025cb81d100d

siginfo: EXCEPTION_ACCESS_VIOLATION (0xc0000005), reading address 0x000011ec000012d4


Registers:
RAX=0x000011ec000011cc, RBX=0x0000025d0e334270, RCX=0x000011ec000011cc, RDX=0x0000025d0edb5c70
RSP=0x000000ebd20fe820, RBP=0x0000000000000000, RSI=0x0000025d0e334270, RDI=0x00001208000011e4
R8 =0x0000025d0e334270, R9 =0x0000025d0edb4d00, R10=0x0000000000000000, R11=0x0000025d0a5c4ae0
R12=0x000000ebd20fea70, R13=0x000000000000000a, R14=0x0000000000000001, R15=0x000000ebd20feb80
RIP=0x00007ff8ab28b773, EFLAGS=0x0000000000010206


Register to memory mapping:

RAX=0x000011ec000011cc is an unknown value
RBX=0x0000025d0e334270 is a thread
RCX=0x000011ec000011cc is an unknown value
RDX=0x0000025d0edb5c70 points into unknown readable memory: 0x00000007ffed57f8 | f8 57 ed ff 07 00 00 00
RSP=0x000000ebd20fe820 is pointing into the stack for thread: 0x0000025d0e334270
RBP=0x0 is null
RSI=0x0000025d0e334270 is a thread
RDI=0x00001208000011e4 is an unknown value
R8 =0x0000025d0e334270 is a thread
R9 =0x0000025d0edb4d00 points into unknown readable memory: 0x0000000400000000 | 00 00 00 00 04 00 00 00
R10=0x0 is null
R11={method} {0x0000025d0a5c4ae8} 'run' '()V' in 'com/sun/glass/ui/InvokeLaterDispatcher$Future'
R12=0x000000ebd20fea70 is pointing into the stack for thread: 0x0000025d0e334270
R13=0x000000000000000a is an unknown value
R14=0x0000000000000001 is an unknown value
R15=0x000000ebd20feb80 is pointing into the stack for thread: 0x0000025d0e334270

Top of Stack: (sp=0x000000ebd20fe820)
0x000000ebd20fe820:   000000ebd20fea70 000000ebd20fea88
0x000000ebd20fe830:   000000ebd20fea80 0000025d0e334270
0x000000ebd20fe840:   000000ebd20fea88 00007ff8ab1fd5f4
0x000000ebd20fe850:   0000025d0e334270 000000ebd20fe950
0x000000ebd20fe860:   000000ebd20fea80 0000025d0a5c4ae0
0x000000ebd20fe870:   0000025cb81dba00 000000ebd20fea88
0x000000ebd20fe880:   0000025c00000001 0000025d0e334270
0x000000ebd20fe890:   0000025d0e334270 0000025d0edb4bd0
0x000000ebd20fe8a0:   0000025d0a5c4ae0 00000007ffa7cf00
0x000000ebd20fe8b0:   000000ebd20fef00 0000025cb81dcddc
0x000000ebd20fe8c0:   000000ebd20fef78 000000ebd20feb80
0x000000ebd20fe8d0:   000004b000000004 00007ff9474f6870
0x000000ebd20fe8e0:   0000000000000000 0000000000000001
0x000000ebd20fe8f0:   000000000004053a 0000025cc8251c42
0x000000ebd20fe900:   000000ebd20fea98 00007ff8ab26f417
0x000000ebd20fe910:   000000ebd20fea00 0000000000000000
0x000000ebd20fe920:   0000025d0a503420 0000025d0e35fde8
0x000000ebd20fe930:   0000025d0e334270 0000025d0f25fa30
0x000000ebd20fe940:   0000025d0e03cc70 0000025d0e03cc90
0x000000ebd20fe950:   0000025d0e03cd58 00000000000000d8
0x000000ebd20fe960:   000000ebd20ff420 0000025d0e334628
0x000000ebd20fe970:   000000ebd20febb0 0000025d0e35fdd0
0x000000ebd20fe980:   000000ebd20feb80 0000025d0e35fde0
0x000000ebd20fe990:   0000025d0f25faf0 0000025d0e334270
0x000000ebd20fe9a0:   000000ebd20feaf1 00007ff8ab4ead02
0x000000ebd20fe9b0:   00007ff8ab1fd0d0 00000000021402bd
0x000000ebd20fe9c0:   0000000000040500 0000025cb81dba00
0x000000ebd20fe9d0:   0000025d0e3601b8 00007ff8ab1fd0be
0x000000ebd20fe9e0:   0000000000000084 0000000000000001
0x000000ebd20fe9f0:   000000ebd20feb30 0000025d0e03cc88
0x000000ebd20fea00:   0000025d0e334270 000000ebd20feb80
0x000000ebd20fea10:   0000025d0e334270 00007ff8ab270341 

Instructions: (pc=0x00007ff8ab28b773)
0x00007ff8ab28b673:   48 0f bc cb 48 0f bb cb 48 8d 14 cf 49 8b ce ff
0x00007ff8ab28b683:   50 08 48 85 db 75 e6 48 83 c6 08 48 83 ed 01 75
0x00007ff8ab28b693:   cc 48 8b 7c 24 38 48 8b 5c 24 30 48 8b 6c 24 40
0x00007ff8ab28b6a3:   48 8b 74 24 48 48 83 c4 20 41 5e c3 cc 48 89 5c
0x00007ff8ab28b6b3:   24 08 57 48 83 ec 20 48 8b f9 48 8b 0d 5c ca 7b
0x00007ff8ab28b6c3:   00 e8 47 39 c6 ff 48 8b 0d 48 ca 7b 00 48 8b d8
0x00007ff8ab28b6d3:   e8 38 39 c6 ff 4c 8b c0 48 8d 15 f6 22 58 00 4c
0x00007ff8ab28b6e3:   8b cb 48 8b cf e8 a3 16 26 00 48 8b cf e8 7b 07
0x00007ff8ab28b6f3:   26 00 48 8b 07 48 8b cf 48 8b 5c 24 30 48 83 c4
0x00007ff8ab28b703:   20 5f 48 ff 20 cc cc cc cc cc cc cc cc 48 89 5c
0x00007ff8ab28b713:   24 08 48 89 6c 24 10 48 89 74 24 18 57 48 83 ec
0x00007ff8ab28b723:   20 48 8b f2 33 ed 0f 1f 80 00 00 00 00 48 8b b9
0x00007ff8ab28b733:   18 01 00 00 48 85 f6 74 54 48 8b 96 30 04 00 00
0x00007ff8ab28b743:   48 89 a9 18 01 00 00 48 89 8e 30 04 00 00 48 85
0x00007ff8ab28b753:   d2 74 5b 48 8b 81 08 01 00 00 48 85 c0 74 1d 0f
0x00007ff8ab28b763:   1f 40 00 66 66 0f 1f 84 00 00 00 00 00 48 8b c8
0x00007ff8ab28b773:   48 8b 80 08 01 00 00 48 85 c0 75 f1 48 89 91 08
0x00007ff8ab28b783:   01 00 00 eb 29 0f 1f 84 00 00 00 00 00 48 8b 99
0x00007ff8ab28b793:   08 01 00 00 b8 ff ff ff ff f0 0f c1 05 84 c9 7b
0x00007ff8ab28b7a3:   00 e8 77 33 c5 ff 48 8b cb 48 85 db 75 df 48 85
0x00007ff8ab28b7b3:   ff 74 08 48 8b cf e9 72 ff ff ff 48 8b 5c 24 30
0x00007ff8ab28b7c3:   48 8b 6c 24 38 48 8b 74 24 40 48 83 c4 20 5f c3
0x00007ff8ab28b7d3:   cc cc cc cc cc cc cc cc cc cc cc cc cc 48 85 c9
0x00007ff8ab28b7e3:   74 2b 48 8b c1 83 e0 03 48 83 f8 01 75 0a 48 ff
0x00007ff8ab28b7f3:   c9 48 ff 25 a5 01 75 00 48 83 f8 02 75 0b 48 83
0x00007ff8ab28b803:   c1 fe 48 ff 25 14 78 74 00 48 8b 01 c3 33 c0 c3
0x00007ff8ab28b813:   cc cc cc cc cc cc cc cc cc cc cc cc cc 48 83 ec
0x00007ff8ab28b823:   28 80 3d 85 8c 7b 00 00 4c 8b d2 4c 8b d9 0f 84
0x00007ff8ab28b833:   b2 00 00 00 4c 8b 05 b2 9b 7a 00 45 8b 48 10 41
0x00007ff8ab28b843:   83 e9 01 0f 84 82 00 00 00 41 83 e9 01 74 61 41
0x00007ff8ab28b853:   83 e9 01 74 40 41 83 e9 01 74 1f 41 83 f9 01 0f
0x00007ff8ab28b863:   85 33 01 00 00 48 8d 05 d1 fc ff ff 48 89 05 3a 


Stack slot to memory mapping:

stack at sp + 0 slots: 0x000000ebd20fea70 is pointing into the stack for thread: 0x0000025d0e334270
stack at sp + 1 slots: 0x000000ebd20fea88 is pointing into the stack for thread: 0x0000025d0e334270
stack at sp + 2 slots: 0x000000ebd20fea80 is pointing into the stack for thread: 0x0000025d0e334270
stack at sp + 3 slots: 0x0000025d0e334270 is a thread
stack at sp + 4 slots: 0x000000ebd20fea88 is pointing into the stack for thread: 0x0000025d0e334270
stack at sp + 5 slots: 0x00007ff8ab1fd5f4 jvm.dll
stack at sp + 6 slots: 0x0000025d0e334270 is a thread
stack at sp + 7 slots: 0x000000ebd20fe950 is pointing into the stack for thread: 0x0000025d0e334270


---------------  P R O C E S S  ---------------

Threads class SMR info:
_java_thread_list=0x0000025d19cfcc30, length=19, elements={
0x0000025ca6ec49a0, 0x0000025cc8263b80, 0x0000025cc82648a0, 0x0000025cc8267a90,
0x0000025cc82684f0, 0x0000025cc8269d90, 0x0000025cc826a7f0, 0x0000025cc826b990,
0x0000025cc826e850, 0x0000025d0e12d760, 0x0000025d0e7883d0, 0x0000025d0ec4ac30,
0x0000025d0e21e820, 0x0000025d0e334270, 0x0000025d0f581630, 0x0000025d0f581ca0,
0x0000025d19ba82a0, 0x0000025d19dd5710, 0x0000025d19dd5da0
}

Java Threads: ( => current thread )
  0x0000025ca6ec49a0 JavaThread "main"                              [_thread_blocked, id=168888, stack(0x000000ebd0b00000,0x000000ebd0c00000) (1024K)]
  0x0000025cc8263b80 JavaThread "Reference Handler"          daemon [_thread_blocked, id=159052, stack(0x000000ebd1300000,0x000000ebd1400000) (1024K)]
  0x0000025cc82648a0 JavaThread "Finalizer"                  daemon [_thread_blocked, id=162388, stack(0x000000ebd1400000,0x000000ebd1500000) (1024K)]
  0x0000025cc8267a90 JavaThread "Signal Dispatcher"          daemon [_thread_blocked, id=162620, stack(0x000000ebd1500000,0x000000ebd1600000) (1024K)]
  0x0000025cc82684f0 JavaThread "Attach Listener"            daemon [_thread_blocked, id=164016, stack(0x000000ebd1600000,0x000000ebd1700000) (1024K)]
  0x0000025cc8269d90 JavaThread "Service Thread"             daemon [_thread_blocked, id=162328, stack(0x000000ebd1700000,0x000000ebd1800000) (1024K)]
  0x0000025cc826a7f0 JavaThread "Monitor Deflation Thread"   daemon [_thread_blocked, id=167152, stack(0x000000ebd1800000,0x000000ebd1900000) (1024K)]
  0x0000025cc826b990 JavaThread "C2 CompilerThread0"         daemon [_thread_blocked, id=159268, stack(0x000000ebd1900000,0x000000ebd1a00000) (1024K)]
  0x0000025cc826e850 JavaThread "C1 CompilerThread0"         daemon [_thread_blocked, id=167068, stack(0x000000ebd1a00000,0x000000ebd1b00000) (1024K)]
  0x0000025d0e12d760 JavaThread "Common-Cleaner"             daemon [_thread_blocked, id=162444, stack(0x000000ebd1d00000,0x000000ebd1e00000) (1024K)]
  0x0000025d0e7883d0 JavaThread "Notification Thread"        daemon [_thread_blocked, id=147504, stack(0x000000ebd2300000,0x000000ebd2400000) (1024K)]
  0x0000025d0ec4ac30 JavaThread "QuantumRenderer-0"          daemon [_thread_blocked, id=158832, stack(0x000000ebd2200000,0x000000ebd2300000) (1024K)]
  0x0000025d0e21e820 JavaThread "InvokeLaterDispatcher"      daemon [_thread_blocked, id=99720, stack(0x000000ebd1f00000,0x000000ebd2000000) (1024K)]
=>0x0000025d0e334270 JavaThread "JavaFX Application Thread"         [_thread_in_vm, id=162312, stack(0x000000ebd2000000,0x000000ebd2100000) (1024K)]
  0x0000025d0f581630 JavaThread "Thread-1"                   daemon [_thread_in_native, id=168352, stack(0x000000ebd2d00000,0x000000ebd2e00000) (1024K)]
  0x0000025d0f581ca0 JavaThread "JavaFX-Launcher"                   [_thread_blocked, id=161388, stack(0x000000ebd2e00000,0x000000ebd2f00000) (1024K)]
  0x0000025d19ba82a0 JavaThread "JNA Cleaner"                daemon [_thread_blocked, id=159708, stack(0x000000ebd3900000,0x000000ebd3a00000) (1024K)]
  0x0000025d19dd5710 JavaThread "Prism Font Disposer"        daemon [_thread_blocked, id=158484, stack(0x000000ebd3b00000,0x000000ebd3c00000) (1024K)]
  0x0000025d19dd5da0 JavaThread "Cleaner-0"                  daemon [_thread_blocked, id=166456, stack(0x000000ebd4100000,0x000000ebd4200000) (1024K)]
Total: 19

Other Threads:
  0x0000025cc8240ef0 VMThread "VM Thread"                           [id=163612, stack(0x000000ebd1200000,0x000000ebd1300000) (1024K)]
  0x0000025cc822ab70 WatcherThread "VM Periodic Task Thread"        [id=141408, stack(0x000000ebd1100000,0x000000ebd1200000) (1024K)]
  0x0000025ca71a3b40 WorkerThread "GC Thread#0"                     [id=168524, stack(0x000000ebd0c00000,0x000000ebd0d00000) (1024K)]
  0x0000025d0e3363c0 WorkerThread "GC Thread#1"                     [id=156788, stack(0x000000ebd2100000,0x000000ebd2200000) (1024K)]
  0x0000025d0ecbec00 WorkerThread "GC Thread#2"                     [id=165988, stack(0x000000ebd2800000,0x000000ebd2900000) (1024K)]
  0x0000025d0f36dab0 WorkerThread "GC Thread#3"                     [id=161372, stack(0x000000ebd2900000,0x000000ebd2a00000) (1024K)]
  0x0000025d0f36de50 WorkerThread "GC Thread#4"                     [id=166408, stack(0x000000ebd2a00000,0x000000ebd2b00000) (1024K)]
  0x0000025d0f36e1f0 WorkerThread "GC Thread#5"                     [id=160024, stack(0x000000ebd2b00000,0x000000ebd2c00000) (1024K)]
  0x0000025d0f938470 WorkerThread "GC Thread#6"                     [id=150792, stack(0x000000ebd3200000,0x000000ebd3300000) (1024K)]
  0x0000025d0f938bb0 WorkerThread "GC Thread#7"                     [id=166120, stack(0x000000ebd3300000,0x000000ebd3400000) (1024K)]
  0x0000025d0f939dd0 WorkerThread "GC Thread#8"                     [id=166748, stack(0x000000ebd3400000,0x000000ebd3500000) (1024K)]
  0x0000025d0f938f50 WorkerThread "GC Thread#9"                     [id=157648, stack(0x000000ebd3500000,0x000000ebd3600000) (1024K)]
  0x0000025d0f939690 WorkerThread "GC Thread#10"                    [id=159272, stack(0x000000ebd3600000,0x000000ebd3700000) (1024K)]
  0x0000025d0f9392f0 WorkerThread "GC Thread#11"                    [id=156888, stack(0x000000ebd3700000,0x000000ebd3800000) (1024K)]
  0x0000025d0f939a30 WorkerThread "GC Thread#12"                    [id=165560, stack(0x000000ebd3800000,0x000000ebd3900000) (1024K)]
  0x0000025ca71b4c50 ConcurrentGCThread "G1 Main Marker"            [id=164048, stack(0x000000ebd0d00000,0x000000ebd0e00000) (1024K)]
  0x0000025ca71b5810 WorkerThread "G1 Conc#0"                       [id=164160, stack(0x000000ebd0e00000,0x000000ebd0f00000) (1024K)]
  0x0000025d19c365c0 WorkerThread "G1 Conc#1"                       [id=136004, stack(0x000000ebd3d00000,0x000000ebd3e00000) (1024K)]
  0x0000025d19c377e0 WorkerThread "G1 Conc#2"                       [id=118600, stack(0x000000ebd3e00000,0x000000ebd3f00000) (1024K)]
  0x0000025ca71fea50 ConcurrentGCThread "G1 Refine#0"               [id=167860, stack(0x000000ebd0f00000,0x000000ebd1000000) (1024K)]
  0x0000025cc80fd9a0 ConcurrentGCThread "G1 Service"                [id=167596, stack(0x000000ebd1000000,0x000000ebd1100000) (1024K)]
Total: 21

Threads with active compile tasks:
Total: 0

VM state: not at safepoint (normal execution)

VM Mutex/Monitor currently owned by a thread: None

OutOfMemory and StackOverflow Exception counts:
StackOverflowErrors=1
LinkageErrors=61

Heap address: 0x0000000705e00000, size: 4002 MB, Compressed Oops mode: Zero based, Oop shift amount: 3

CDS archive(s) mapped at: [0x0000025cc9000000-0x0000025cc9c90000-0x0000025cc9c90000), size 13172736, SharedBaseAddress: 0x0000025cc9000000, ArchiveRelocationMode: 1.
Compressed class space mapped at: 0x0000025cca000000-0x0000025d0a000000, reserved size: 1073741824
Narrow klass base: 0x0000025cc9000000, Narrow klass shift: 0, Narrow klass range: 0x100000000

GC Precious Log:
 CardTable entry size: 512
 Card Set container configuration: InlinePtr #cards 4 size 8 Array Of Cards #cards 16 size 48 Howl #buckets 8 coarsen threshold 3686 Howl Bitmap #cards 512 size 80 coarsen threshold 460 Card regions per heap region 1 cards per card region 4096
 CPUs: 16 total, 16 available
 Memory: 16004M
 Large Page Support: Disabled
 NUMA Support: Disabled
 Compressed Oops: Enabled (Zero based)
 Heap Region Size: 2M
 Heap Min Capacity: 8M
 Heap Initial Capacity: 252M
 Heap Max Capacity: 4002M
 Pre-touch: Disabled
 Parallel Workers: 13
 Concurrent Workers: 3
 Concurrent Refinement Workers: 13
 Periodic GC: Disabled

Heap:
 garbage-first heap   total 157696K, used 35140K [0x0000000705e00000, 0x0000000800000000)
  region size 2048K, 8 young (16384K), 2 survivors (4096K)
 Metaspace       used 25015K, committed 25472K, reserved 1114112K
  class space    used 3472K, committed 3648K, reserved 1048576K

Heap Regions: E=young(eden), S=young(survivor), O=old, HS=humongous(starts), HC=humongous(continues), CS=collection set, F=free, TAMS=top-at-mark-start, PB=parsable bottom
|   0|0x0000000705e00000, 0x0000000705fe9c50, 0x0000000706000000| 95%| O|  |TAMS 0x0000000705e00000| PB 0x0000000705e00000| Untracked 
|   1|0x0000000706000000, 0x0000000706200000, 0x0000000706200000|100%|HS|  |TAMS 0x0000000706000000| PB 0x0000000706000000| Complete 
|   2|0x0000000706200000, 0x0000000706400000, 0x0000000706400000|100%| O|  |TAMS 0x0000000706200000| PB 0x0000000706200000| Untracked 
|   3|0x0000000706400000, 0x0000000706600000, 0x0000000706600000|100%| O|  |TAMS 0x0000000706400000| PB 0x0000000706400000| Untracked 
|   4|0x0000000706600000, 0x0000000706800000, 0x0000000706800000|100%| O|  |TAMS 0x0000000706600000| PB 0x0000000706600000| Untracked 
|   5|0x0000000706800000, 0x0000000706a00000, 0x0000000706a00000|100%| O|  |TAMS 0x0000000706800000| PB 0x0000000706800000| Untracked 
|   6|0x0000000706a00000, 0x0000000706c00000, 0x0000000706c00000|100%| O|  |TAMS 0x0000000706a00000| PB 0x0000000706a00000| Untracked 
|   7|0x0000000706c00000, 0x0000000706cd1310, 0x0000000706e00000| 40%| O|  |TAMS 0x0000000706c00000| PB 0x0000000706c00000| Untracked 
|   8|0x0000000706e00000, 0x0000000706e00000, 0x0000000707000000|  0%| F|  |TAMS 0x0000000706e00000| PB 0x0000000706e00000| Untracked 
|   9|0x0000000707000000, 0x0000000707000000, 0x0000000707200000|  0%| F|  |TAMS 0x0000000707000000| PB 0x0000000707000000| Untracked 
|  10|0x0000000707200000, 0x0000000707200000, 0x0000000707400000|  0%| F|  |TAMS 0x0000000707200000| PB 0x0000000707200000| Untracked 
|  11|0x0000000707400000, 0x0000000707400000, 0x0000000707600000|  0%| F|  |TAMS 0x0000000707400000| PB 0x0000000707400000| Untracked 
|  12|0x0000000707600000, 0x0000000707600000, 0x0000000707800000|  0%| F|  |TAMS 0x0000000707600000| PB 0x0000000707600000| Untracked 
|  13|0x0000000707800000, 0x0000000707800000, 0x0000000707a00000|  0%| F|  |TAMS 0x0000000707800000| PB 0x0000000707800000| Untracked 
|  14|0x0000000707a00000, 0x0000000707a00000, 0x0000000707c00000|  0%| F|  |TAMS 0x0000000707a00000| PB 0x0000000707a00000| Untracked 
|  15|0x0000000707c00000, 0x0000000707c00000, 0x0000000707e00000|  0%| F|  |TAMS 0x0000000707c00000| PB 0x0000000707c00000| Untracked 
|  16|0x0000000707e00000, 0x0000000707e00000, 0x0000000708000000|  0%| F|  |TAMS 0x0000000707e00000| PB 0x0000000707e00000| Untracked 
|  17|0x0000000708000000, 0x0000000708000000, 0x0000000708200000|  0%| F|  |TAMS 0x0000000708000000| PB 0x0000000708000000| Untracked 
|  18|0x0000000708200000, 0x0000000708200000, 0x0000000708400000|  0%| F|  |TAMS 0x0000000708200000| PB 0x0000000708200000| Untracked 
|  19|0x0000000708400000, 0x0000000708400000, 0x0000000708600000|  0%| F|  |TAMS 0x0000000708400000| PB 0x0000000708400000| Untracked 
|  20|0x0000000708600000, 0x0000000708600000, 0x0000000708800000|  0%| F|  |TAMS 0x0000000708600000| PB 0x0000000708600000| Untracked 
|  21|0x0000000708800000, 0x0000000708800000, 0x0000000708a00000|  0%| F|  |TAMS 0x0000000708800000| PB 0x0000000708800000| Untracked 
|  22|0x0000000708a00000, 0x0000000708a00000, 0x0000000708c00000|  0%| F|  |TAMS 0x0000000708a00000| PB 0x0000000708a00000| Untracked 
|  23|0x0000000708c00000, 0x0000000708c00000, 0x0000000708e00000|  0%| F|  |TAMS 0x0000000708c00000| PB 0x0000000708c00000| Untracked 
|  24|0x0000000708e00000, 0x0000000708e00000, 0x0000000709000000|  0%| F|  |TAMS 0x0000000708e00000| PB 0x0000000708e00000| Untracked 
|  25|0x0000000709000000, 0x0000000709000000, 0x0000000709200000|  0%| F|  |TAMS 0x0000000709000000| PB 0x0000000709000000| Untracked 
|  26|0x0000000709200000, 0x00000007093961c0, 0x0000000709400000| 79%| S|CS|TAMS 0x0000000709200000| PB 0x0000000709200000| Complete 
|  27|0x0000000709400000, 0x0000000709600000, 0x0000000709600000|100%| S|CS|TAMS 0x0000000709400000| PB 0x0000000709400000| Complete 
|  28|0x0000000709600000, 0x0000000709600000, 0x0000000709800000|  0%| F|  |TAMS 0x0000000709600000| PB 0x0000000709600000| Untracked 
|  29|0x0000000709800000, 0x0000000709800000, 0x0000000709a00000|  0%| F|  |TAMS 0x0000000709800000| PB 0x0000000709800000| Untracked 
|  30|0x0000000709a00000, 0x0000000709a00000, 0x0000000709c00000|  0%| F|  |TAMS 0x0000000709a00000| PB 0x0000000709a00000| Untracked 
|  31|0x0000000709c00000, 0x0000000709c00000, 0x0000000709e00000|  0%| F|  |TAMS 0x0000000709c00000| PB 0x0000000709c00000| Untracked 
|  32|0x0000000709e00000, 0x0000000709e00000, 0x000000070a000000|  0%| F|  |TAMS 0x0000000709e00000| PB 0x0000000709e00000| Untracked 
|  33|0x000000070a000000, 0x000000070a000000, 0x000000070a200000|  0%| F|  |TAMS 0x000000070a000000| PB 0x000000070a000000| Untracked 
|  34|0x000000070a200000, 0x000000070a200000, 0x000000070a400000|  0%| F|  |TAMS 0x000000070a200000| PB 0x000000070a200000| Untracked 
|  35|0x000000070a400000, 0x000000070a400000, 0x000000070a600000|  0%| F|  |TAMS 0x000000070a400000| PB 0x000000070a400000| Untracked 
|  36|0x000000070a600000, 0x000000070a600000, 0x000000070a800000|  0%| F|  |TAMS 0x000000070a600000| PB 0x000000070a600000| Untracked 
|  37|0x000000070a800000, 0x000000070a800000, 0x000000070aa00000|  0%| F|  |TAMS 0x000000070a800000| PB 0x000000070a800000| Untracked 
|  38|0x000000070aa00000, 0x000000070aa00000, 0x000000070ac00000|  0%| F|  |TAMS 0x000000070aa00000| PB 0x000000070aa00000| Untracked 
|  39|0x000000070ac00000, 0x000000070ac00000, 0x000000070ae00000|  0%| F|  |TAMS 0x000000070ac00000| PB 0x000000070ac00000| Untracked 
|  40|0x000000070ae00000, 0x000000070ae00000, 0x000000070b000000|  0%| F|  |TAMS 0x000000070ae00000| PB 0x000000070ae00000| Untracked 
|  41|0x000000070b000000, 0x000000070b000000, 0x000000070b200000|  0%| F|  |TAMS 0x000000070b000000| PB 0x000000070b000000| Untracked 
|  42|0x000000070b200000, 0x000000070b200000, 0x000000070b400000|  0%| F|  |TAMS 0x000000070b200000| PB 0x000000070b200000| Untracked 
|  43|0x000000070b400000, 0x000000070b400000, 0x000000070b600000|  0%| F|  |TAMS 0x000000070b400000| PB 0x000000070b400000| Untracked 
|  44|0x000000070b600000, 0x000000070b600000, 0x000000070b800000|  0%| F|  |TAMS 0x000000070b600000| PB 0x000000070b600000| Untracked 
|  45|0x000000070b800000, 0x000000070b800000, 0x000000070ba00000|  0%| F|  |TAMS 0x000000070b800000| PB 0x000000070b800000| Untracked 
|  46|0x000000070ba00000, 0x000000070ba00000, 0x000000070bc00000|  0%| F|  |TAMS 0x000000070ba00000| PB 0x000000070ba00000| Untracked 
|  47|0x000000070bc00000, 0x000000070bc00000, 0x000000070be00000|  0%| F|  |TAMS 0x000000070bc00000| PB 0x000000070bc00000| Untracked 
|  48|0x000000070be00000, 0x000000070be00000, 0x000000070c000000|  0%| F|  |TAMS 0x000000070be00000| PB 0x000000070be00000| Untracked 
|  49|0x000000070c000000, 0x000000070c000000, 0x000000070c200000|  0%| F|  |TAMS 0x000000070c000000| PB 0x000000070c000000| Untracked 
|  50|0x000000070c200000, 0x000000070c200000, 0x000000070c400000|  0%| F|  |TAMS 0x000000070c200000| PB 0x000000070c200000| Untracked 
|  51|0x000000070c400000, 0x000000070c400000, 0x000000070c600000|  0%| F|  |TAMS 0x000000070c400000| PB 0x000000070c400000| Untracked 
|  52|0x000000070c600000, 0x000000070c600000, 0x000000070c800000|  0%| F|  |TAMS 0x000000070c600000| PB 0x000000070c600000| Untracked 
|  53|0x000000070c800000, 0x000000070c800000, 0x000000070ca00000|  0%| F|  |TAMS 0x000000070c800000| PB 0x000000070c800000| Untracked 
|  54|0x000000070ca00000, 0x000000070ca00000, 0x000000070cc00000|  0%| F|  |TAMS 0x000000070ca00000| PB 0x000000070ca00000| Untracked 
|  55|0x000000070cc00000, 0x000000070cc00000, 0x000000070ce00000|  0%| F|  |TAMS 0x000000070cc00000| PB 0x000000070cc00000| Untracked 
|  56|0x000000070ce00000, 0x000000070ce00000, 0x000000070d000000|  0%| F|  |TAMS 0x000000070ce00000| PB 0x000000070ce00000| Untracked 
|  57|0x000000070d000000, 0x000000070d000000, 0x000000070d200000|  0%| F|  |TAMS 0x000000070d000000| PB 0x000000070d000000| Untracked 
|  58|0x000000070d200000, 0x000000070d200000, 0x000000070d400000|  0%| F|  |TAMS 0x000000070d200000| PB 0x000000070d200000| Untracked 
|  59|0x000000070d400000, 0x000000070d400000, 0x000000070d600000|  0%| F|  |TAMS 0x000000070d400000| PB 0x000000070d400000| Untracked 
|  60|0x000000070d600000, 0x000000070d600000, 0x000000070d800000|  0%| F|  |TAMS 0x000000070d600000| PB 0x000000070d600000| Untracked 
|  61|0x000000070d800000, 0x000000070d800000, 0x000000070da00000|  0%| F|  |TAMS 0x000000070d800000| PB 0x000000070d800000| Untracked 
|  62|0x000000070da00000, 0x000000070da00000, 0x000000070dc00000|  0%| F|  |TAMS 0x000000070da00000| PB 0x000000070da00000| Untracked 
|  63|0x000000070dc00000, 0x000000070dc00000, 0x000000070de00000|  0%| F|  |TAMS 0x000000070dc00000| PB 0x000000070dc00000| Untracked 
|  64|0x000000070de00000, 0x000000070de00000, 0x000000070e000000|  0%| F|  |TAMS 0x000000070de00000| PB 0x000000070de00000| Untracked 
|  65|0x000000070e000000, 0x000000070e000000, 0x000000070e200000|  0%| F|  |TAMS 0x000000070e000000| PB 0x000000070e000000| Untracked 
|  66|0x000000070e200000, 0x000000070e200000, 0x000000070e400000|  0%| F|  |TAMS 0x000000070e200000| PB 0x000000070e200000| Untracked 
|  67|0x000000070e400000, 0x000000070e400000, 0x000000070e600000|  0%| F|  |TAMS 0x000000070e400000| PB 0x000000070e400000| Untracked 
|  68|0x000000070e600000, 0x000000070e618e90, 0x000000070e800000|  4%| E|  |TAMS 0x000000070e600000| PB 0x000000070e600000| Complete 
|  99|0x0000000712400000, 0x0000000712600000, 0x0000000712600000|100%| E|CS|TAMS 0x0000000712400000| PB 0x0000000712400000| Complete 
| 100|0x0000000712600000, 0x0000000712800000, 0x0000000712800000|100%| E|CS|TAMS 0x0000000712600000| PB 0x0000000712600000| Complete 
| 104|0x0000000712e00000, 0x0000000713000000, 0x0000000713000000|100%| E|CS|TAMS 0x0000000712e00000| PB 0x0000000712e00000| Complete 
| 105|0x0000000713000000, 0x0000000713200000, 0x0000000713200000|100%| E|CS|TAMS 0x0000000713000000| PB 0x0000000713000000| Complete 
| 125|0x0000000715800000, 0x0000000715a00000, 0x0000000715a00000|100%| E|CS|TAMS 0x0000000715800000| PB 0x0000000715800000| Complete 
|1998|0x00000007ffa00000, 0x00000007ffc00000, 0x00000007ffc00000|100%| O|  |TAMS 0x00000007ffa00000| PB 0x00000007ffa00000| Untracked 
|1999|0x00000007ffc00000, 0x00000007ffe00000, 0x00000007ffe00000|100%| O|  |TAMS 0x00000007ffc00000| PB 0x00000007ffc00000| Untracked 
|2000|0x00000007ffe00000, 0x0000000800000000, 0x0000000800000000|100%| O|  |TAMS 0x00000007ffe00000| PB 0x00000007ffe00000| Untracked 

Card table byte_map: [0x0000025cc1510000,0x0000025cc1cf0000] _byte_map_base: 0x0000025cbdce1000

Marking Bits: (CMBitMap*) 0x0000025ca71a4150
 Bits: [0x0000025cc1cf0000, 0x0000025cc5b78000)

Polling page: 0x0000025ca7200000

Metaspace:

Usage:
  Non-class:     21.04 MB used.
      Class:      3.39 MB used.
       Both:     24.43 MB used.

Virtual space:
  Non-class space:       64.00 MB reserved,      21.31 MB ( 33%) committed,  1 nodes.
      Class space:        1.00 GB reserved,       3.56 MB ( <1%) committed,  1 nodes.
             Both:        1.06 GB reserved,      24.88 MB (  2%) committed. 

Chunk freelists:
   Non-Class:  9.86 MB
       Class:  12.38 MB
        Both:  22.24 MB

MaxMetaspaceSize: unlimited
CompressedClassSpaceSize: 1.00 GB
Initial GC threshold: 21.00 MB
Current GC threshold: 35.12 MB
CDS: on
 - commit_granule_bytes: 65536.
 - commit_granule_words: 8192.
 - virtual_space_node_default_size: 8388608.
 - enlarge_chunks_in_place: 1.
 - use_allocation_guard: 0.


Internal statistics:

num_allocs_failed_limit: 3.
num_arena_births: 486.
num_arena_deaths: 0.
num_vsnodes_births: 2.
num_vsnodes_deaths: 0.
num_space_committed: 397.
num_space_uncommitted: 0.
num_chunks_returned_to_freelist: 3.
num_chunks_taken_from_freelist: 1286.
num_chunk_merges: 3.
num_chunk_splits: 879.
num_chunks_enlarged: 653.
num_inconsistent_stats: 0.

CodeHeap 'non-profiled nmethods': size=119168Kb used=2877Kb max_used=2877Kb free=116290Kb
 bounds [0x0000025cb8920000, 0x0000025cb8bf0000, 0x0000025cbfd80000]
CodeHeap 'profiled nmethods': size=119104Kb used=10601Kb max_used=10601Kb free=108502Kb
 bounds [0x0000025cb0d80000, 0x0000025cb17e0000, 0x0000025cb81d0000]
CodeHeap 'non-nmethods': size=7488Kb used=1897Kb max_used=3641Kb free=5590Kb
 bounds [0x0000025cb81d0000, 0x0000025cb8570000, 0x0000025cb8920000]
 total_blobs=6157 nmethods=5267 adapters=792
 compilation: enabled
              stopped_count=0, restarted_count=0
 full_count=0

Compilation events (20 events):
Event: 39.053 Thread 0x0000025cc826e850 5261   !   3       jdk.proxy2.$Proxy13::ExtractIconEx (63 bytes)
Event: 39.053 Thread 0x0000025cc826e850 nmethod 5261 0x0000025cb17cb590 code [0x0000025cb17cb820, 0x0000025cb17cc9a0]
Event: 39.778 Thread 0x0000025cc826b990 5262       4       javafx.embed.swing.SwingFXUtils::toFXImage (317 bytes)
Event: 39.778 Thread 0x0000025cc826b990 nmethod 5262 0x0000025cb8bec110 code [0x0000025cb8bec280, 0x0000025cb8bec2e0]
Event: 39.813 Thread 0x0000025cc826e850 5263       3       javafx.embed.swing.SwingFXUtils::toFXImage (317 bytes)
Event: 39.814 Thread 0x0000025cc826e850 nmethod 5263 0x0000025cb17cd110 code [0x0000025cb17cd4e0, 0x0000025cb17cee10]
Event: 40.258 Thread 0x0000025cc826b990 5264   !   4       com.lifedrained.injector.injector.ProcessGainer::listProcesses (165 bytes)
Event: 40.289 Thread 0x0000025cc826b990 nmethod 5264 0x0000025cb8bec410 code [0x0000025cb8bec6e0, 0x0000025cb8bed730]
Event: 40.757 Thread 0x0000025cc826e850 5265   !   3       com.lifedrained.injector.injector.ProcessGainer::listProcesses (165 bytes)
Event: 40.761 Thread 0x0000025cc826e850 nmethod 5265 0x0000025cb17cf610 code [0x0000025cb17cf960, 0x0000025cb17d1018]
Event: 40.773 Thread 0x0000025cc826b990 5266       4       com.sun.jna.ptr.IntByReference::<init> (6 bytes)
Event: 40.788 Thread 0x0000025cc826b990 nmethod 5266 0x0000025cb8bee190 code [0x0000025cb8bee3a0, 0x0000025cb8beeb68]
Event: 43.128 Thread 0x0000025cc826b990 5267       4       javafx.embed.swing.SwingFXUtils::toFXImage (317 bytes)
Event: 43.128 Thread 0x0000025cc826b990 nmethod 5267 0x0000025cb8bef010 code [0x0000025cb8bef180, 0x0000025cb8bef1e0]
Event: 43.163 Thread 0x0000025cc826e850 5268       3       javafx.embed.swing.SwingFXUtils::toFXImage (317 bytes)
Event: 43.164 Thread 0x0000025cc826e850 nmethod 5268 0x0000025cb17d1910 code [0x0000025cb17d1ce0, 0x0000025cb17d3610]
Event: 44.117 Thread 0x0000025cc826e850 5269       3       com.sun.glass.ui.win.WinAccessible::sendNotification (901 bytes)
Event: 44.120 Thread 0x0000025cc826e850 nmethod 5269 0x0000025cb17d3e10 code [0x0000025cb17d4580, 0x0000025cb17d9688]
Event: 44.224 Thread 0x0000025cc826b990 5270       4       java.util.concurrent.locks.LockSupport::setBlocker (12 bytes)
Event: 44.226 Thread 0x0000025cc826b990 nmethod 5270 0x0000025cb8bef310 code [0x0000025cb8bef4a0, 0x0000025cb8bef5e0]

GC Heap History (20 events):
Event: 31.508 GC heap before
{Heap before GC invocations=56 (full 0):
 garbage-first heap   total 55296K, used 44786K [0x0000000705e00000, 0x0000000800000000)
  region size 2048K, 13 young (26624K), 2 survivors (4096K)
 Metaspace       used 24964K, committed 25408K, reserved 1114112K
  class space    used 3472K, committed 3648K, reserved 1048576K
}
Event: 31.517 GC heap after
{Heap after GC invocations=57 (full 0):
 garbage-first heap   total 55296K, used 22184K [0x0000000705e00000, 0x0000000800000000)
  region size 2048K, 1 young (2048K), 1 survivors (2048K)
 Metaspace       used 24964K, committed 25408K, reserved 1114112K
  class space    used 3472K, committed 3648K, reserved 1048576K
}
Event: 31.979 GC heap before
{Heap before GC invocations=57 (full 0):
 garbage-first heap   total 55296K, used 48808K [0x0000000705e00000, 0x0000000800000000)
  region size 2048K, 14 young (28672K), 1 survivors (2048K)
 Metaspace       used 24964K, committed 25408K, reserved 1114112K
  class space    used 3472K, committed 3648K, reserved 1048576K
}
Event: 31.983 GC heap after
{Heap after GC invocations=58 (full 0):
 garbage-first heap   total 55296K, used 22454K [0x0000000705e00000, 0x0000000800000000)
  region size 2048K, 2 young (4096K), 2 survivors (4096K)
 Metaspace       used 24964K, committed 25408K, reserved 1114112K
  class space    used 3472K, committed 3648K, reserved 1048576K
}
Event: 32.397 GC heap before
{Heap before GC invocations=58 (full 0):
 garbage-first heap   total 55296K, used 44982K [0x0000000705e00000, 0x0000000800000000)
  region size 2048K, 13 young (26624K), 2 survivors (4096K)
 Metaspace       used 24964K, committed 25408K, reserved 1114112K
  class space    used 3472K, committed 3648K, reserved 1048576K
}
Event: 32.405 GC heap after
{Heap after GC invocations=59 (full 0):
 garbage-first heap   total 55296K, used 22437K [0x0000000705e00000, 0x0000000800000000)
  region size 2048K, 1 young (2048K), 1 survivors (2048K)
 Metaspace       used 24964K, committed 25408K, reserved 1114112K
  class space    used 3472K, committed 3648K, reserved 1048576K
}
Event: 32.900 GC heap before
{Heap before GC invocations=59 (full 0):
 garbage-first heap   total 55296K, used 49061K [0x0000000705e00000, 0x0000000800000000)
  region size 2048K, 14 young (28672K), 1 survivors (2048K)
 Metaspace       used 24964K, committed 25408K, reserved 1114112K
  class space    used 3472K, committed 3648K, reserved 1048576K
}
Event: 32.905 GC heap after
{Heap after GC invocations=60 (full 0):
 garbage-first heap   total 157696K, used 22820K [0x0000000705e00000, 0x0000000800000000)
  region size 2048K, 2 young (4096K), 2 survivors (4096K)
 Metaspace       used 24964K, committed 25408K, reserved 1114112K
  class space    used 3472K, committed 3648K, reserved 1048576K
}
Event: 34.977 GC heap before
{Heap before GC invocations=60 (full 0):
 garbage-first heap   total 157696K, used 112932K [0x0000000705e00000, 0x0000000800000000)
  region size 2048K, 46 young (94208K), 2 survivors (4096K)
 Metaspace       used 24964K, committed 25408K, reserved 1114112K
  class space    used 3472K, committed 3648K, reserved 1048576K
}
Event: 34.982 GC heap after
{Heap after GC invocations=61 (full 0):
 garbage-first heap   total 157696K, used 23685K [0x0000000705e00000, 0x0000000800000000)
  region size 2048K, 2 young (4096K), 2 survivors (4096K)
 Metaspace       used 24964K, committed 25408K, reserved 1114112K
  class space    used 3472K, committed 3648K, reserved 1048576K
}
Event: 37.109 GC heap before
{Heap before GC invocations=61 (full 0):
 garbage-first heap   total 157696K, used 113797K [0x0000000705e00000, 0x0000000800000000)
  region size 2048K, 46 young (94208K), 2 survivors (4096K)
 Metaspace       used 24970K, committed 25408K, reserved 1114112K
  class space    used 3472K, committed 3648K, reserved 1048576K
}
Event: 37.122 GC heap after
{Heap after GC invocations=62 (full 0):
 garbage-first heap   total 157696K, used 24335K [0x0000000705e00000, 0x0000000800000000)
  region size 2048K, 2 young (4096K), 2 survivors (4096K)
 Metaspace       used 24970K, committed 25408K, reserved 1114112K
  class space    used 3472K, committed 3648K, reserved 1048576K
}
Event: 38.883 GC heap before
{Heap before GC invocations=62 (full 0):
 garbage-first heap   total 157696K, used 114447K [0x0000000705e00000, 0x0000000800000000)
  region size 2048K, 46 young (94208K), 2 survivors (4096K)
 Metaspace       used 25004K, committed 25408K, reserved 1114112K
  class space    used 3472K, committed 3648K, reserved 1048576K
}
Event: 38.891 GC heap after
{Heap after GC invocations=63 (full 0):
 garbage-first heap   total 157696K, used 24683K [0x0000000705e00000, 0x0000000800000000)
  region size 2048K, 2 young (4096K), 2 survivors (4096K)
 Metaspace       used 25004K, committed 25408K, reserved 1114112K
  class space    used 3472K, committed 3648K, reserved 1048576K
}
Event: 40.627 GC heap before
{Heap before GC invocations=63 (full 0):
 garbage-first heap   total 157696K, used 114795K [0x0000000705e00000, 0x0000000800000000)
  region size 2048K, 46 young (94208K), 2 survivors (4096K)
 Metaspace       used 25008K, committed 25408K, reserved 1114112K
  class space    used 3472K, committed 3648K, reserved 1048576K
}
Event: 40.635 GC heap after
{Heap after GC invocations=64 (full 0):
 garbage-first heap   total 157696K, used 24883K [0x0000000705e00000, 0x0000000800000000)
  region size 2048K, 2 young (4096K), 2 survivors (4096K)
 Metaspace       used 25008K, committed 25408K, reserved 1114112K
  class space    used 3472K, committed 3648K, reserved 1048576K
}
Event: 42.420 GC heap before
{Heap before GC invocations=64 (full 0):
 garbage-first heap   total 157696K, used 114995K [0x0000000705e00000, 0x0000000800000000)
  region size 2048K, 46 young (94208K), 2 survivors (4096K)
 Metaspace       used 25008K, committed 25408K, reserved 1114112K
  class space    used 3472K, committed 3648K, reserved 1048576K
}
Event: 42.429 GC heap after
{Heap after GC invocations=65 (full 0):
 garbage-first heap   total 157696K, used 24794K [0x0000000705e00000, 0x0000000800000000)
  region size 2048K, 2 young (4096K), 2 survivors (4096K)
 Metaspace       used 25008K, committed 25408K, reserved 1114112K
  class space    used 3472K, committed 3648K, reserved 1048576K
}
Event: 44.208 GC heap before
{Heap before GC invocations=65 (full 0):
 garbage-first heap   total 157696K, used 114906K [0x0000000705e00000, 0x0000000800000000)
  region size 2048K, 46 young (94208K), 2 survivors (4096K)
 Metaspace       used 25015K, committed 25472K, reserved 1114112K
  class space    used 3472K, committed 3648K, reserved 1048576K
}
Event: 44.219 GC heap after
{Heap after GC invocations=66 (full 0):
 garbage-first heap   total 157696K, used 24900K [0x0000000705e00000, 0x0000000800000000)
  region size 2048K, 2 young (4096K), 2 survivors (4096K)
 Metaspace       used 25015K, committed 25472K, reserved 1114112K
  class space    used 3472K, committed 3648K, reserved 1048576K
}

Dll operation events (20 events):
Event: 0.387 Loaded shared library C:\Users\ancen\.openjfx\cache\21+31\amd64\api-ms-win-crt-private-l1-1-0.dll
Event: 0.389 Loaded shared library C:\Users\ancen\.openjfx\cache\21+31\amd64\api-ms-win-crt-process-l1-1-0.dll
Event: 0.391 Loaded shared library C:\Users\ancen\.openjfx\cache\21+31\amd64\api-ms-win-crt-runtime-l1-1-0.dll
Event: 0.394 Loaded shared library C:\Users\ancen\.openjfx\cache\21+31\amd64\api-ms-win-crt-stdio-l1-1-0.dll
Event: 0.396 Loaded shared library C:\Users\ancen\.openjfx\cache\21+31\amd64\api-ms-win-crt-string-l1-1-0.dll
Event: 0.398 Loaded shared library C:\Users\ancen\.openjfx\cache\21+31\amd64\api-ms-win-crt-time-l1-1-0.dll
Event: 0.400 Loaded shared library C:\Users\ancen\.openjfx\cache\21+31\amd64\api-ms-win-crt-utility-l1-1-0.dll
Event: 0.417 Loaded shared library C:\Users\ancen\.openjfx\cache\21+31\amd64\ucrtbase.dll
Event: 0.422 Loaded shared library C:\Users\ancen\.openjfx\cache\21+31\amd64\vcruntime140.dll
Event: 0.425 Loaded shared library C:\Users\ancen\.openjfx\cache\21+31\amd64\vcruntime140_1.dll
Event: 0.434 Loaded shared library C:\Users\ancen\.openjfx\cache\21+31\amd64\msvcp140.dll
Event: 0.437 Loaded shared library C:\Users\ancen\.openjfx\cache\21+31\amd64\msvcp140_1.dll
Event: 0.442 Loaded shared library C:\Users\ancen\.openjfx\cache\21+31\amd64\msvcp140_2.dll
Event: 0.486 Loaded shared library C:\Users\ancen\.openjfx\cache\21+31\amd64\prism_d3d.dll
Event: 0.595 Loaded shared library C:\Users\ancen\.openjfx\cache\21+31\amd64\glass.dll
Event: 0.714 Loaded shared library D:\Program Files\jdk21\bin\jimage.dll
Event: 0.924 Loaded shared library D:\Program Files\jdk21\bin\management.dll
Event: 0.926 Loaded shared library D:\Program Files\jdk21\bin\management_ext.dll
Event: 1.305 Loaded shared library C:\Users\ancen\.openjfx\cache\21+31\amd64\javafx_font.dll
Event: 1.527 Loaded shared library C:\Users\ancen\AppData\Local\Temp\jna-92956927\jna1285878201990282132.dll

Deoptimization events (20 events):
Event: 39.779 Thread 0x0000025d0e334270 Uncommon trap: trap_request=0xffffffad fr.pc=0x0000025cb8bec2b0 relative=0x0000000000000030
Event: 39.779 Thread 0x0000025d0e334270 Uncommon trap: reason=uninitialized action=reinterpret pc=0x0000025cb8bec2b0 method=javafx.embed.swing.SwingFXUtils.toFXImage(Ljava/awt/image/BufferedImage;Ljavafx/scene/image/WritableImage;)Ljavafx/scene/image/WritableImage; @ 1 c2
Event: 39.779 Thread 0x0000025d0e334270 DEOPT PACKING pc=0x0000025cb8bec2b0 sp=0x000000ebd2026650
Event: 39.779 Thread 0x0000025d0e334270 DEOPT UNPACKING pc=0x0000025cb82246a2 sp=0x000000ebd2026598 mode 2
Event: 40.258 Thread 0x0000025d0e334270 DEOPT PACKING pc=0x0000025cb1782191 sp=0x000000ebd20240a0
Event: 40.258 Thread 0x0000025d0e334270 DEOPT UNPACKING pc=0x0000025cb8224e42 sp=0x000000ebd20235a0 mode 0
Event: 40.380 Thread 0x0000025d0e334270 Uncommon trap: trap_request=0xffffffad fr.pc=0x0000025cb8bece20 relative=0x0000000000000740
Event: 40.380 Thread 0x0000025d0e334270 Uncommon trap: reason=uninitialized action=reinterpret pc=0x0000025cb8bece20 method=javafx.embed.swing.SwingFXUtils.toFXImage(Ljava/awt/image/BufferedImage;Ljavafx/scene/image/WritableImage;)Ljavafx/scene/image/WritableImage; @ 1 c2
Event: 40.380 Thread 0x0000025d0e334270 DEOPT PACKING pc=0x0000025cb8bece20 sp=0x000000ebd2023470
Event: 40.380 Thread 0x0000025d0e334270 DEOPT UNPACKING pc=0x0000025cb82246a2 sp=0x000000ebd2023358 mode 2
Event: 40.637 Thread 0x0000025d19ba82a0 DEOPT PACKING pc=0x0000025cb1791f93 sp=0x000000ebd39ff550
Event: 40.637 Thread 0x0000025d19ba82a0 DEOPT UNPACKING pc=0x0000025cb8224e42 sp=0x000000ebd39fea70 mode 0
Event: 40.765 Thread 0x0000025d0e334270 Uncommon trap: trap_request=0xffffffad fr.pc=0x0000025cb8be9948 relative=0x0000000000000168
Event: 40.765 Thread 0x0000025d0e334270 Uncommon trap: reason=uninitialized action=reinterpret pc=0x0000025cb8be9948 method=javafx.embed.swing.SwingFXUtils.toFXImage(Ljava/awt/image/BufferedImage;Ljavafx/scene/image/WritableImage;)Ljavafx/scene/image/WritableImage; @ 1 c2
Event: 40.765 Thread 0x0000025d0e334270 DEOPT PACKING pc=0x0000025cb8be9948 sp=0x000000ebd2021b40
Event: 40.765 Thread 0x0000025d0e334270 DEOPT UNPACKING pc=0x0000025cb82246a2 sp=0x000000ebd2021a18 mode 2
Event: 43.128 Thread 0x0000025d0e334270 Uncommon trap: trap_request=0xffffffad fr.pc=0x0000025cb8bef1b0 relative=0x0000000000000030
Event: 43.128 Thread 0x0000025d0e334270 Uncommon trap: reason=uninitialized action=reinterpret pc=0x0000025cb8bef1b0 method=javafx.embed.swing.SwingFXUtils.toFXImage(Ljava/awt/image/BufferedImage;Ljavafx/scene/image/WritableImage;)Ljavafx/scene/image/WritableImage; @ 1 c2
Event: 43.129 Thread 0x0000025d0e334270 DEOPT PACKING pc=0x0000025cb8bef1b0 sp=0x000000ebd2013750
Event: 43.129 Thread 0x0000025d0e334270 DEOPT UNPACKING pc=0x0000025cb82246a2 sp=0x000000ebd2013698 mode 2

Classes loaded (20 events):
Event: 2.514 Loading class java/util/EnumMap$Values
Event: 2.514 Loading class java/util/EnumMap$Values done
Event: 2.514 Loading class java/util/EnumMap$ValueIterator
Event: 2.514 Loading class java/util/EnumMap$EnumMapIterator
Event: 2.514 Loading class java/util/EnumMap$EnumMapIterator done
Event: 2.514 Loading class java/util/EnumMap$ValueIterator done
Event: 2.532 Loading class jdk/internal/ref/CleanerImpl$InnocuousThreadFactory
Event: 2.532 Loading class jdk/internal/ref/CleanerImpl$InnocuousThreadFactory done
Event: 2.537 Loading class sun/misc/Unsafe
Event: 2.538 Loading class sun/misc/Unsafe done
Event: 2.567 Loading class java/lang/FdLibm$Acos
Event: 2.567 Loading class java/lang/FdLibm$Acos done
Event: 2.567 Loading class java/lang/FdLibm
Event: 2.567 Loading class java/lang/FdLibm done
Event: 2.581 Loading class java/nio/DirectFloatBufferU
Event: 2.582 Loading class java/nio/DirectFloatBufferU done
Event: 2.596 Loading class java/lang/FdLibm$Atan2
Event: 2.596 Loading class java/lang/FdLibm$Atan2 done
Event: 2.599 Loading class java/lang/FdLibm$Hypot
Event: 2.599 Loading class java/lang/FdLibm$Hypot done

Classes unloaded (0 events):
No events

Classes redefined (0 events):
No events

Internal exceptions (20 events):
Event: 44.466 Thread 0x0000025d0e334270 Exception <a 'java/lang/NullPointerException'{0x00000007124f1330}> (0x00000007124f1330) 
thrown [s\open\src\hotspot\share\runtime\sharedRuntime.cpp, line 625]
Event: 44.466 Thread 0x0000025d0e334270 Implicit null exception at 0x0000025cb17d1d36 to 0x0000025cb17d323b
Event: 44.467 Thread 0x0000025d0e334270 Exception <a 'java/lang/NullPointerException'{0x00000007124f77e0}> (0x00000007124f77e0) 
thrown [s\open\src\hotspot\share\runtime\sharedRuntime.cpp, line 625]
Event: 44.467 Thread 0x0000025d0e334270 Implicit null exception at 0x0000025cb17d1d36 to 0x0000025cb17d323b
Event: 44.467 Thread 0x0000025d0e334270 Exception <a 'java/lang/NullPointerException'{0x00000007124fdc90}> (0x00000007124fdc90) 
thrown [s\open\src\hotspot\share\runtime\sharedRuntime.cpp, line 625]
Event: 44.467 Thread 0x0000025d0e334270 Implicit null exception at 0x0000025cb17d1d36 to 0x0000025cb17d323b
Event: 44.467 Thread 0x0000025d0e334270 Exception <a 'java/lang/NullPointerException'{0x0000000712503848}> (0x0000000712503848) 
thrown [s\open\src\hotspot\share\runtime\sharedRuntime.cpp, line 625]
Event: 44.467 Thread 0x0000025d0e334270 Implicit null exception at 0x0000025cb17d1d36 to 0x0000025cb17d323b
Event: 44.467 Thread 0x0000025d0e334270 Exception <a 'java/lang/NullPointerException'{0x0000000712509cf8}> (0x0000000712509cf8) 
thrown [s\open\src\hotspot\share\runtime\sharedRuntime.cpp, line 625]
Event: 44.467 Thread 0x0000025d0e334270 Implicit null exception at 0x0000025cb17d1d36 to 0x0000025cb17d323b
Event: 44.467 Thread 0x0000025d0e334270 Exception <a 'java/lang/NullPointerException'{0x00000007125101a8}> (0x00000007125101a8) 
thrown [s\open\src\hotspot\share\runtime\sharedRuntime.cpp, line 625]
Event: 44.467 Thread 0x0000025d0e334270 Implicit null exception at 0x0000025cb17d1d36 to 0x0000025cb17d323b
Event: 44.467 Thread 0x0000025d0e334270 Exception <a 'java/lang/NullPointerException'{0x0000000712515af0}> (0x0000000712515af0) 
thrown [s\open\src\hotspot\share\runtime\sharedRuntime.cpp, line 625]
Event: 44.467 Thread 0x0000025d0e334270 Implicit null exception at 0x0000025cb17d1d36 to 0x0000025cb17d323b
Event: 44.467 Thread 0x0000025d0e334270 Exception <a 'java/lang/NullPointerException'{0x000000071251bf88}> (0x000000071251bf88) 
thrown [s\open\src\hotspot\share\runtime\sharedRuntime.cpp, line 625]
Event: 44.467 Thread 0x0000025d0e334270 Implicit null exception at 0x0000025cb17d1d36 to 0x0000025cb17d323b
Event: 44.467 Thread 0x0000025d0e334270 Exception <a 'java/lang/NullPointerException'{0x0000000712522420}> (0x0000000712522420) 
thrown [s\open\src\hotspot\share\runtime\sharedRuntime.cpp, line 625]
Event: 44.468 Thread 0x0000025d0e334270 Implicit null exception at 0x0000025cb17d1d36 to 0x0000025cb17d323b
Event: 44.468 Thread 0x0000025d0e334270 Exception <a 'java/lang/NullPointerException'{0x0000000712527d68}> (0x0000000712527d68) 
thrown [s\open\src\hotspot\share\runtime\sharedRuntime.cpp, line 625]
Event: 44.468 Thread 0x0000025d0e334270 Exception <a 'java/lang/StackOverflowError'{0x000000071252ecc8}> (0x000000071252ecc8) 
thrown [s\open\src\hotspot\share\runtime\javaCalls.cpp, line 386]

ZGC Phase Switch (0 events):
No events

VM Operations (20 events):
Event: 32.900 Executing VM operation: G1CollectForAllocation (G1 Evacuation Pause)
Event: 32.905 Executing VM operation: G1CollectForAllocation (G1 Evacuation Pause) done
Event: 34.977 Executing VM operation: G1CollectForAllocation (G1 Evacuation Pause)
Event: 34.982 Executing VM operation: G1CollectForAllocation (G1 Evacuation Pause) done
Event: 36.998 Executing VM operation: Cleanup
Event: 36.998 Executing VM operation: Cleanup done
Event: 37.109 Executing VM operation: G1CollectForAllocation (G1 Evacuation Pause)
Event: 37.122 Executing VM operation: G1CollectForAllocation (G1 Evacuation Pause) done
Event: 38.123 Executing VM operation: Cleanup
Event: 38.123 Executing VM operation: Cleanup done
Event: 38.883 Executing VM operation: G1CollectForAllocation (G1 Evacuation Pause)
Event: 38.892 Executing VM operation: G1CollectForAllocation (G1 Evacuation Pause) done
Event: 39.898 Executing VM operation: Cleanup
Event: 39.898 Executing VM operation: Cleanup done
Event: 40.627 Executing VM operation: G1CollectForAllocation (G1 Evacuation Pause)
Event: 40.635 Executing VM operation: G1CollectForAllocation (G1 Evacuation Pause) done
Event: 42.420 Executing VM operation: G1CollectForAllocation (G1 Evacuation Pause)
Event: 42.429 Executing VM operation: G1CollectForAllocation (G1 Evacuation Pause) done
Event: 44.208 Executing VM operation: G1CollectForAllocation (G1 Evacuation Pause)
Event: 44.224 Executing VM operation: G1CollectForAllocation (G1 Evacuation Pause) done

Events (20 events):
Event: 8.298 Thread 0x0000025d0e08e500 Thread exited: 0x0000025d0e08e500
Event: 8.523 Thread 0x0000025d0e2ee8e0 Thread added: 0x0000025d0e2ee8e0
Event: 8.779 Thread 0x0000025d0e2ee8e0 Thread exited: 0x0000025d0e2ee8e0
Event: 10.878 Thread 0x0000025d0e06de40 Thread exited: 0x0000025d0e06de40
Event: 11.219 Thread 0x0000025d0e06de40 Thread added: 0x0000025d0e06de40
Event: 11.220 Thread 0x0000025d1a292ba0 Thread added: 0x0000025d1a292ba0
Event: 11.476 Thread 0x0000025d1a292ba0 Thread exited: 0x0000025d1a292ba0
Event: 11.476 Thread 0x0000025d0e06de40 Thread exited: 0x0000025d0e06de40
Event: 11.488 Thread 0x0000025d0e06de40 Thread added: 0x0000025d0e06de40
Event: 11.489 Thread 0x0000025d0e241290 Thread added: 0x0000025d0e241290
Event: 11.594 Thread 0x0000025d0e245170 Thread added: 0x0000025d0e245170
Event: 11.689 Thread 0x0000025d1cabd680 Thread added: 0x0000025d1cabd680
Event: 11.706 Thread 0x0000025d1cabeda0 Thread added: 0x0000025d1cabeda0
Event: 11.995 Thread 0x0000025d1cabeda0 Thread exited: 0x0000025d1cabeda0
Event: 12.505 Thread 0x0000025d0e245170 Thread exited: 0x0000025d0e245170
Event: 13.166 Thread 0x0000025d1a1ee240 Thread added: 0x0000025d1a1ee240
Event: 13.311 Thread 0x0000025d0e241290 Thread exited: 0x0000025d0e241290
Event: 13.614 Thread 0x0000025d1a1ee240 Thread exited: 0x0000025d1a1ee240
Event: 13.614 Thread 0x0000025d1cabd680 Thread exited: 0x0000025d1cabd680
Event: 14.201 Thread 0x0000025d0e06de40 Thread exited: 0x0000025d0e06de40


Dynamic libraries:
0x00007ff777560000 - 0x00007ff777570000 	D:\Program Files\jdk21\bin\java.exe
0x00007ff948c30000 - 0x00007ff948e47000 	C:\Windows\SYSTEM32\ntdll.dll
0x00007ff947850000 - 0x00007ff947914000 	C:\Windows\System32\KERNEL32.DLL
0x00007ff9463f0000 - 0x00007ff94679c000 	C:\Windows\System32\KERNELBASE.dll
0x00007ff946190000 - 0x00007ff9462a1000 	C:\Windows\System32\ucrtbase.dll
0x00007ff93a630000 - 0x00007ff93a649000 	D:\Program Files\jdk21\bin\jli.dll
0x00007ff92b3d0000 - 0x00007ff92b3eb000 	D:\Program Files\jdk21\bin\VCRUNTIME140.dll
0x00007ff9473d0000 - 0x00007ff947482000 	C:\Windows\System32\ADVAPI32.dll
0x00007ff946bc0000 - 0x00007ff946c67000 	C:\Windows\System32\msvcrt.dll
0x00007ff947920000 - 0x00007ff9479ca000 	C:\Windows\System32\sechost.dll
0x00007ff9468c0000 - 0x00007ff9468e8000 	C:\Windows\System32\bcrypt.dll
0x00007ff9472b0000 - 0x00007ff9473c5000 	C:\Windows\System32\RPCRT4.dll
0x00007ff9474e0000 - 0x00007ff94768e000 	C:\Windows\System32\USER32.dll
0x00007ff9462b0000 - 0x00007ff9462d6000 	C:\Windows\System32\win32u.dll
0x00007ff934d00000 - 0x00007ff934f93000 	C:\Windows\WinSxS\amd64_microsoft.windows.common-controls_6595b64144ccf1df_6.0.22621.3672_none_2713b9d173822955\COMCTL32.dll
0x00007ff9476d0000 - 0x00007ff9476f9000 	C:\Windows\System32\GDI32.dll
0x00007ff9467a0000 - 0x00007ff9468b9000 	C:\Windows\System32\gdi32full.dll
0x00007ff946350000 - 0x00007ff9463ea000 	C:\Windows\System32\msvcp_win.dll
0x00007ff941c90000 - 0x00007ff941c9a000 	C:\Windows\SYSTEM32\VERSION.dll
0x00007ff947690000 - 0x00007ff9476c1000 	C:\Windows\System32\IMM32.DLL
0x00007ff940580000 - 0x00007ff94058c000 	D:\Program Files\jdk21\bin\vcruntime140_1.dll
0x00007ff90ddb0000 - 0x00007ff90de3e000 	D:\Program Files\jdk21\bin\msvcp140.dll
0x00007ff8aae20000 - 0x00007ff8abb37000 	D:\Program Files\jdk21\bin\server\jvm.dll
0x00007ff9477d0000 - 0x00007ff947841000 	C:\Windows\System32\WS2_32.dll
0x00007ff944df0000 - 0x00007ff944e3d000 	C:\Windows\SYSTEM32\POWRPROF.dll
0x00007ff9389a0000 - 0x00007ff9389d4000 	C:\Windows\SYSTEM32\WINMM.dll
0x00007ff944dd0000 - 0x00007ff944de3000 	C:\Windows\SYSTEM32\UMPDC.dll
0x00007ff945080000 - 0x00007ff945098000 	C:\Windows\SYSTEM32\kernel.appcore.dll
0x00007ff93d4e0000 - 0x00007ff93d4ea000 	D:\Program Files\jdk21\bin\jimage.dll
0x00007ff943810000 - 0x00007ff943a42000 	C:\Windows\SYSTEM32\DBGHELP.DLL
0x00007ff947ad0000 - 0x00007ff947e58000 	C:\Windows\System32\combase.dll
0x00007ff946eb0000 - 0x00007ff946f87000 	C:\Windows\System32\OLEAUT32.dll
0x00007ff934540000 - 0x00007ff934572000 	C:\Windows\SYSTEM32\dbgcore.DLL
0x00007ff9468f0000 - 0x00007ff94696b000 	C:\Windows\System32\bcryptPrimitives.dll
0x00007ff91d6d0000 - 0x00007ff91d6ef000 	D:\Program Files\jdk21\bin\java.dll
0x00007ff948390000 - 0x00007ff948bec000 	C:\Windows\System32\SHELL32.dll
0x00007ff943ec0000 - 0x00007ff9447b7000 	C:\Windows\SYSTEM32\windows.storage.dll
0x00007ff943d80000 - 0x00007ff943ebf000 	C:\Windows\SYSTEM32\wintypes.dll
0x00007ff9471b0000 - 0x00007ff9472a4000 	C:\Windows\System32\SHCORE.dll
0x00007ff946c70000 - 0x00007ff946cce000 	C:\Windows\System32\shlwapi.dll
0x00007ff945e90000 - 0x00007ff945eb1000 	C:\Windows\SYSTEM32\profapi.dll
0x00007ff906960000 - 0x00007ff906a37000 	D:\Program Files\jdk21\bin\jsvml.dll
0x00007ff93b0c0000 - 0x00007ff93b0d0000 	D:\Program Files\jdk21\bin\net.dll
0x00007ff9424d0000 - 0x00007ff942606000 	C:\Windows\SYSTEM32\WINHTTP.dll
0x00007ff9454f0000 - 0x00007ff945559000 	C:\Windows\system32\mswsock.dll
0x00007ff916620000 - 0x00007ff916636000 	D:\Program Files\jdk21\bin\nio.dll
0x00007ff91b810000 - 0x00007ff91b828000 	D:\Program Files\jdk21\bin\zip.dll
0x0000025cc8d50000 - 0x0000025cc8d53000 	C:\Users\ancen\.openjfx\cache\21+31\amd64\api-ms-win-core-console-l1-1-0.dll
0x0000025cc8d60000 - 0x0000025cc8d63000 	C:\Users\ancen\.openjfx\cache\21+31\amd64\api-ms-win-core-console-l1-2-0.dll
0x0000025cc8d70000 - 0x0000025cc8d73000 	C:\Users\ancen\.openjfx\cache\21+31\amd64\api-ms-win-core-datetime-l1-1-0.dll
0x0000025cc8d80000 - 0x0000025cc8d83000 	C:\Users\ancen\.openjfx\cache\21+31\amd64\api-ms-win-core-debug-l1-1-0.dll
0x0000025cc8d90000 - 0x0000025cc8d93000 	C:\Users\ancen\.openjfx\cache\21+31\amd64\api-ms-win-core-errorhandling-l1-1-0.dll
0x0000025cc8da0000 - 0x0000025cc8da4000 	C:\Users\ancen\.openjfx\cache\21+31\amd64\api-ms-win-core-file-l1-1-0.dll
0x0000025cc8db0000 - 0x0000025cc8db3000 	C:\Users\ancen\.openjfx\cache\21+31\amd64\api-ms-win-core-file-l1-2-0.dll
0x0000025cc8dc0000 - 0x0000025cc8dc3000 	C:\Users\ancen\.openjfx\cache\21+31\amd64\api-ms-win-core-file-l2-1-0.dll
0x0000025cc8dd0000 - 0x0000025cc8dd3000 	C:\Users\ancen\.openjfx\cache\21+31\amd64\api-ms-win-core-handle-l1-1-0.dll
0x0000025cc8de0000 - 0x0000025cc8de3000 	C:\Users\ancen\.openjfx\cache\21+31\amd64\api-ms-win-core-heap-l1-1-0.dll
0x0000025cc8df0000 - 0x0000025cc8df3000 	C:\Users\ancen\.openjfx\cache\21+31\amd64\api-ms-win-core-interlocked-l1-1-0.dll
0x0000025cc8e00000 - 0x0000025cc8e03000 	C:\Users\ancen\.openjfx\cache\21+31\amd64\api-ms-win-core-libraryloader-l1-1-0.dll
0x0000025cc8e10000 - 0x0000025cc8e13000 	C:\Users\ancen\.openjfx\cache\21+31\amd64\api-ms-win-core-localization-l1-2-0.dll
0x0000025cc8e20000 - 0x0000025cc8e23000 	C:\Users\ancen\.openjfx\cache\21+31\amd64\api-ms-win-core-memory-l1-1-0.dll
0x0000025cc8e30000 - 0x0000025cc8e33000 	C:\Users\ancen\.openjfx\cache\21+31\amd64\api-ms-win-core-namedpipe-l1-1-0.dll
0x0000025cc8e40000 - 0x0000025cc8e43000 	C:\Users\ancen\.openjfx\cache\21+31\amd64\api-ms-win-core-processenvironment-l1-1-0.dll
0x0000025cc8e50000 - 0x0000025cc8e53000 	C:\Users\ancen\.openjfx\cache\21+31\amd64\api-ms-win-core-processthreads-l1-1-0.dll
0x0000025cc8e60000 - 0x0000025cc8e63000 	C:\Users\ancen\.openjfx\cache\21+31\amd64\api-ms-win-core-processthreads-l1-1-1.dll
0x0000025cc8e70000 - 0x0000025cc8e73000 	C:\Users\ancen\.openjfx\cache\21+31\amd64\api-ms-win-core-profile-l1-1-0.dll
0x0000025cc8e80000 - 0x0000025cc8e83000 	C:\Users\ancen\.openjfx\cache\21+31\amd64\api-ms-win-core-rtlsupport-l1-1-0.dll
0x0000025cc8e90000 - 0x0000025cc8e93000 	C:\Users\ancen\.openjfx\cache\21+31\amd64\api-ms-win-core-string-l1-1-0.dll
0x0000025cc8ea0000 - 0x0000025cc8ea3000 	C:\Users\ancen\.openjfx\cache\21+31\amd64\api-ms-win-core-synch-l1-1-0.dll
0x0000025cc8eb0000 - 0x0000025cc8eb3000 	C:\Users\ancen\.openjfx\cache\21+31\amd64\api-ms-win-core-synch-l1-2-0.dll
0x0000025cc8ec0000 - 0x0000025cc8ec3000 	C:\Users\ancen\.openjfx\cache\21+31\amd64\api-ms-win-core-sysinfo-l1-1-0.dll
0x0000025cc8ed0000 - 0x0000025cc8ed3000 	C:\Users\ancen\.openjfx\cache\21+31\amd64\api-ms-win-core-timezone-l1-1-0.dll
0x0000025cc8ee0000 - 0x0000025cc8ee3000 	C:\Users\ancen\.openjfx\cache\21+31\amd64\api-ms-win-core-util-l1-1-0.dll
0x0000025cc8ef0000 - 0x0000025cc8ef3000 	C:\Users\ancen\.openjfx\cache\21+31\amd64\api-ms-win-crt-conio-l1-1-0.dll
0x0000025cc8f00000 - 0x0000025cc8f04000 	C:\Users\ancen\.openjfx\cache\21+31\amd64\api-ms-win-crt-convert-l1-1-0.dll
0x0000025cc8f10000 - 0x0000025cc8f13000 	C:\Users\ancen\.openjfx\cache\21+31\amd64\api-ms-win-crt-environment-l1-1-0.dll
0x0000025cc8f20000 - 0x0000025cc8f23000 	C:\Users\ancen\.openjfx\cache\21+31\amd64\api-ms-win-crt-filesystem-l1-1-0.dll
0x0000025cc8f30000 - 0x0000025cc8f33000 	C:\Users\ancen\.openjfx\cache\21+31\amd64\api-ms-win-crt-heap-l1-1-0.dll
0x0000025cc8f40000 - 0x0000025cc8f43000 	C:\Users\ancen\.openjfx\cache\21+31\amd64\api-ms-win-crt-locale-l1-1-0.dll
0x0000025cc8f50000 - 0x0000025cc8f55000 	C:\Users\ancen\.openjfx\cache\21+31\amd64\api-ms-win-crt-math-l1-1-0.dll
0x0000025cc8f60000 - 0x0000025cc8f65000 	C:\Users\ancen\.openjfx\cache\21+31\amd64\api-ms-win-crt-multibyte-l1-1-0.dll
0x0000025cc8f70000 - 0x0000025cc8f80000 	C:\Users\ancen\.openjfx\cache\21+31\amd64\api-ms-win-crt-private-l1-1-0.dll
0x0000025cc8f80000 - 0x0000025cc8f83000 	C:\Users\ancen\.openjfx\cache\21+31\amd64\api-ms-win-crt-process-l1-1-0.dll
0x0000025cc8f90000 - 0x0000025cc8f94000 	C:\Users\ancen\.openjfx\cache\21+31\amd64\api-ms-win-crt-runtime-l1-1-0.dll
0x0000025cc8fa0000 - 0x0000025cc8fa4000 	C:\Users\ancen\.openjfx\cache\21+31\amd64\api-ms-win-crt-stdio-l1-1-0.dll
0x0000025cc8fb0000 - 0x0000025cc8fb4000 	C:\Users\ancen\.openjfx\cache\21+31\amd64\api-ms-win-crt-string-l1-1-0.dll
0x0000025cc8fc0000 - 0x0000025cc8fc3000 	C:\Users\ancen\.openjfx\cache\21+31\amd64\api-ms-win-crt-time-l1-1-0.dll
0x0000025cc8fd0000 - 0x0000025cc8fd3000 	C:\Users\ancen\.openjfx\cache\21+31\amd64\api-ms-win-crt-utility-l1-1-0.dll
0x00007ff904bf0000 - 0x00007ff904cec000 	C:\Users\ancen\.openjfx\cache\21+31\amd64\ucrtbase.dll
0x00007ff937c70000 - 0x00007ff937c8b000 	C:\Users\ancen\.openjfx\cache\21+31\amd64\vcruntime140.dll
0x00007ff9429b0000 - 0x00007ff9429bc000 	C:\Users\ancen\.openjfx\cache\21+31\amd64\vcruntime140_1.dll
0x00007ff90e000000 - 0x00007ff90e08e000 	C:\Users\ancen\.openjfx\cache\21+31\amd64\msvcp140.dll
0x00007ff946f90000 - 0x00007ff947135000 	C:\Windows\System32\ole32.dll
0x00007ff934a20000 - 0x00007ff934a29000 	C:\Users\ancen\.openjfx\cache\21+31\amd64\msvcp140_1.dll
0x00007ff912980000 - 0x00007ff9129af000 	C:\Users\ancen\.openjfx\cache\21+31\amd64\msvcp140_2.dll
0x00007ff911020000 - 0x00007ff91104f000 	C:\Users\ancen\.openjfx\cache\21+31\amd64\prism_d3d.dll
0x00007ff93b970000 - 0x00007ff93bb18000 	C:\Windows\system32\d3d9.dll
0x00007ff942ea0000 - 0x00007ff942ecb000 	C:\Windows\SYSTEM32\dwmapi.dll
0x00007ff943220000 - 0x00007ff943259000 	C:\Windows\SYSTEM32\dxcore.dll
0x00007ff942c20000 - 0x00007ff942cca000 	C:\Windows\system32\uxtheme.dll
0x00007ff8b6090000 - 0x00007ff8b6140000 	C:\Windows\SYSTEM32\d3d9on12.dll
0x00007ff8b7460000 - 0x00007ff8b7486000 	C:\Windows\SYSTEM32\d3d12.dll
0x00007ff942d90000 - 0x00007ff942e87000 	C:\Windows\SYSTEM32\dxgi.dll
0x00007ff945c40000 - 0x00007ff945c8e000 	C:\Windows\SYSTEM32\cfgmgr32.dll
0x00007ff8b5e80000 - 0x00007ff8b6082000 	C:\Windows\SYSTEM32\D3D12Core.dll
0x00007ff8b7430000 - 0x00007ff8b7457000 	C:\Windows\System32\DriverStore\FileRepository\iigd_dch.inf_amd64_a20fccc4824e3254\igd12umd64.dll
0x00007ff8b5050000 - 0x00007ff8b5e7b000 	C:\Windows\System32\DriverStore\FileRepository\iigd_dch.inf_amd64_a20fccc4824e3254\igd12um64xel.dll
0x00007ff945f60000 - 0x00007ff9460c7000 	C:\Windows\System32\CRYPT32.dll
0x00007ff9388f0000 - 0x00007ff93892b000 	C:\Windows\SYSTEM32\ControlLib.dll
0x00007ff947f10000 - 0x00007ff948384000 	C:\Windows\System32\SETUPAPI.dll
0x00007ff945c10000 - 0x00007ff945c3c000 	C:\Windows\SYSTEM32\DEVOBJ.dll
0x00007ff938780000 - 0x00007ff9387f6000 	C:\Windows\System32\DriverStore\FileRepository\iigd_dch.inf_amd64_a20fccc4824e3254\IntelControlLib.dll
0x00007ff9462e0000 - 0x00007ff94634b000 	C:\Windows\System32\WINTRUST.dll
0x00007ff945bf0000 - 0x00007ff945c02000 	C:\Windows\SYSTEM32\MSASN1.dll
0x00007ff93ef90000 - 0x00007ff93efd9000 	C:\Windows\SYSTEM32\directxdatabasehelper.dll
0x00007ff9377a0000 - 0x00007ff937bb5000 	C:\Windows\System32\DriverStore\FileRepository\iigd_dch.inf_amd64_a20fccc4824e3254\igdgmm64.dll
0x00007ff92ea50000 - 0x00007ff932fb0000 	C:\Windows\System32\DriverStore\FileRepository\iigd_dch.inf_amd64_a20fccc4824e3254\igc64.dll
0x00007ff8b4fe0000 - 0x00007ff8b500f000 	C:\Windows\SYSTEM32\D3DSCache.dll
0x00007ff9455f0000 - 0x00007ff945618000 	C:\Windows\SYSTEM32\USERENV.dll
0x00007ff8f7ff0000 - 0x00007ff8fb6a5000 	C:\Windows\System32\DriverStore\FileRepository\iigd_dch.inf_amd64_a20fccc4824e3254\igd12dxva64.dll
0x00007ff8d5540000 - 0x00007ff8d5567000 	C:\Windows\System32\DriverStore\FileRepository\iigd_dch.inf_amd64_a20fccc4824e3254\igdinfo64.dll
0x00007ff93ae30000 - 0x00007ff93b0ba000 	C:\Windows\SYSTEM32\twinapi.appcore.dll
0x00007ff90dd60000 - 0x00007ff90dda2000 	C:\Users\ancen\.openjfx\cache\21+31\amd64\glass.dll
0x00007ff9479d0000 - 0x00007ff947ac6000 	C:\Windows\System32\COMDLG32.dll
0x00007ff946ce0000 - 0x00007ff946e33000 	C:\Windows\System32\MSCTF.dll
0x00007ff93a6f0000 - 0x00007ff93a6fa000 	D:\Program Files\jdk21\bin\management.dll
0x00007ff938330000 - 0x00007ff93833b000 	D:\Program Files\jdk21\bin\management_ext.dll
0x00007ff946e40000 - 0x00007ff946e48000 	C:\Windows\System32\PSAPI.DLL

dbghelp: loaded successfully - version: 4.0.5 - missing functions: none
symbol engine: initialized successfully - sym options: 0x614 - pdb path: .;D:\Program Files\jdk21\bin;C:\Windows\SYSTEM32;C:\Windows\WinSxS\amd64_microsoft.windows.common-controls_6595b64144ccf1df_6.0.22621.3672_none_2713b9d173822955;D:\Program Files\jdk21\bin\server;C:\Users\ancen\.openjfx\cache\21+31\amd64;C:\Windows\System32\DriverStore\FileRepository\iigd_dch.inf_amd64_a20fccc4824e3254;C:\Users\ancen\AppData\Local\Temp\jna-92956927;C:\Program Files\Common Files\Microsoft Shared\Ink

VM Arguments:
jvm_args: -Dfile.encoding=windows-1251 -Duser.country=RU -Duser.language=ru -Duser.variant --module-path=D:\Projects\Injector\build\libs\Injector-1.jar;D:\Projects\Injector\build\classes\java\main;C:\Users\ancen\.gradle\caches\modules-2\files-2.1\org.openjfx\javafx-fxml\21\4a1cd270e1ae03ae73110eb68622afd457c6f903\javafx-fxml-21-win.jar;C:\Users\ancen\.gradle\caches\modules-2\files-2.1\org.openjfx\javafx-web\21\f53cab2e01c28dd3a26d250145e1ddc86fcf125a\javafx-web-21-win.jar;C:\Users\ancen\.gradle\caches\modules-2\files-2.1\org.openjfx\javafx-controls\21\76e295d84578a3d9688e092aae3f2ff1cf3e83a9\javafx-controls-21-win.jar;C:\Users\ancen\.gradle\caches\modules-2\files-2.1\org.openjfx\javafx-controls\21\f290138dcff0ee5679eebd2096f29dfa1f7563c6\javafx-controls-21.jar;C:\Users\ancen\.gradle\caches\modules-2\files-2.1\org.openjfx\javafx-media\21\f5e89e981be5c3c6f316b6f8b7b49686cd7c6d58\javafx-media-21-win.jar;C:\Users\ancen\.gradle\caches\modules-2\files-2.1\org.openjfx\javafx-media\21\7767ab6303b3ebae213a0064ffd941ade8a6f92a\javafx-media-21.jar;C:\Users\ancen\.gradle\caches\modules-2\files-2.1\org.openjfx\javafx-swing\21\85c12ff6018b55276d3fef2bc83751ebfe3d58e5\javafx-swing-21-win.jar;C:\Users\ancen\.gradle\caches\modules-2\files-2.1\org.openjfx\javafx-graphics\21\8083d97ea236079c82cf8e3463b62990340346d4\javafx-graphics-21-win.jar;C:\Users\ancen\.gradle\caches\modules-2\files-2.1\org.openjfx\javafx-graphics\21\f8d0163c8bf9cffdcf2eac163446ea550b3051ca\javafx-graphics-21.jar;C:\Users\ancen\.gradle\caches\modules-2\files-2.1\org.openjfx\javafx-base\21\a7e334fbb619859e1010cad06ddcf16e774c87a0\javafx-base-21-win.jar;C:\Users\ancen\.gradle\caches\modules-2\files-2.1\org.openjfx\javafx-base\21\be7576df67c204d6d3f9c6c5d4db4e268ff22ff2\javafx-base-21.jar;C:\Users\ancen\.gradle\caches\modules-2\files-2.1\com.dlsc.formsfx\formsfx-core\11.6.0\dd14a71601781f316a3d5259af549c37b4b3b311\formsfx-core-11.6.0.jar;C:\Users\ancen\.gradle\caches\modules-2\files-2.1\net.synedra\validatorfx\0.4.0\ff80a01090eb60c75eeaf58ec4c863a0feb768ca\validatorfx-0.4.0.jar;C:\Users\ancen\.gradle\cach-Djdk.module.main=com.lifedrained.injector.injector 
java_command: com.lifedrained.injector.injector/com.lifedrained.injector.injector.HelloApplication
java_class_path (initial): D:\Projects\Injector\build\resources\main
Launcher Type: SUN_STANDARD

[Global flags]
     intx CICompilerCount                          = 12                                        {product} {ergonomic}
     uint ConcGCThreads                            = 3                                         {product} {ergonomic}
     uint G1ConcRefinementThreads                  = 13                                        {product} {ergonomic}
   size_t G1HeapRegionSize                         = 2097152                                   {product} {ergonomic}
    uintx GCDrainStackTargetSize                   = 64                                        {product} {ergonomic}
   size_t InitialHeapSize                          = 264241152                                 {product} {ergonomic}
   size_t MarkStackSize                            = 4194304                                   {product} {ergonomic}
   size_t MaxHeapSize                              = 4196401152                                {product} {ergonomic}
   size_t MaxNewSize                               = 2516582400                                {product} {ergonomic}
   size_t MinHeapDeltaBytes                        = 2097152                                   {product} {ergonomic}
   size_t MinHeapSize                              = 8388608                                   {product} {ergonomic}
    uintx NonNMethodCodeHeapSize                   = 7602480                                {pd product} {ergonomic}
    uintx NonProfiledCodeHeapSize                  = 122027880                              {pd product} {ergonomic}
    uintx ProfiledCodeHeapSize                     = 122027880                              {pd product} {ergonomic}
    uintx ReservedCodeCacheSize                    = 251658240                              {pd product} {ergonomic}
     bool SegmentedCodeCache                       = true                                      {product} {ergonomic}
   size_t SoftMaxHeapSize                          = 4196401152                             {manageable} {ergonomic}
     bool UseCompressedOops                        = true                           {product lp64_product} {ergonomic}
     bool UseG1GC                                  = true                                      {product} {ergonomic}
     bool UseLargePagesIndividualAllocation        = false                                  {pd product} {ergonomic}

Logging:
Log output configuration:
 #0: stdout all=warning uptime,level,tags foldmultilines=false
 #1: stderr all=off uptime,level,tags foldmultilines=false

Environment Variables:
JAVA_HOME=D:\Program Files\jdk17\
PATH=C:\Windows\System32;C:\Program Files\MySQL\MySQL Server 8.4\bin;C:\Program Files\Git\cmd;C:\Program Files (x86)\NVIDIA Corporation\PhysX\Common;C:\Program Files\NVIDIA Corporation\NVIDIA NvDLISR;C:\Users\ancen\AppData\Local\Microsoft\WindowsApps;C:\Users\ancen\.dotnet\tools;C:\Program Files\Azure Data Studio\bin;C:\Program Files\JetBrains\IntelliJ IDEA 2024.1.3\bin;
USERNAME=ancen
OS=Windows_NT
PROCESSOR_IDENTIFIER=Intel64 Family 6 Model 154 Stepping 3, GenuineIntel
TMP=C:\Users\ancen\AppData\Local\Temp
TEMP=C:\Users\ancen\AppData\Local\Temp




Periodic native trim disabled

---------------  S Y S T E M  ---------------

OS:
 Windows 11 , 64 bit Build 22621 (10.0.22621.3672)
OS uptime: 3 days 1:16 hours

CPU: total 16 (initial active 16) (8 cores per cpu, 2 threads per core) family 6 model 154 stepping 3 microcode 0x429, cx8, cmov, fxsr, ht, mmx, 3dnowpref, sse, sse2, sse3, ssse3, sse4.1, sse4.2, popcnt, lzcnt, tsc, tscinvbit, avx, avx2, aes, erms, clmul, bmi1, bmi2, adx, sha, fma, vzeroupper, clflush, clflushopt, clwb, serialize, rdtscp, rdpid, fsrm, f16c, pku, cet_ibt, cet_ss
Processor Information for processor 0
  Max Mhz: 2300, Current Mhz: 2300, Mhz Limit: 2300
Processor Information for processor 1
  Max Mhz: 2300, Current Mhz: 2300, Mhz Limit: 2300
Processor Information for processor 2
  Max Mhz: 2300, Current Mhz: 2300, Mhz Limit: 2300
Processor Information for processor 3
  Max Mhz: 2300, Current Mhz: 2300, Mhz Limit: 2300
Processor Information for processor 4
  Max Mhz: 2300, Current Mhz: 2300, Mhz Limit: 2300
Processor Information for processor 5
  Max Mhz: 2300, Current Mhz: 2300, Mhz Limit: 2300
Processor Information for processor 6
  Max Mhz: 2300, Current Mhz: 2300, Mhz Limit: 2300
Processor Information for processor 7
  Max Mhz: 2300, Current Mhz: 2300, Mhz Limit: 2300
Processor Information for processor 8
  Max Mhz: 2300, Current Mhz: 2300, Mhz Limit: 2300
Processor Information for processor 9
  Max Mhz: 2300, Current Mhz: 2300, Mhz Limit: 2300
Processor Information for processor 10
  Max Mhz: 2300, Current Mhz: 2300, Mhz Limit: 2300
Processor Information for processor 11
  Max Mhz: 2300, Current Mhz: 1506, Mhz Limit: 2300
Processor Information for processor 12
  Max Mhz: 2300, Current Mhz: 2300, Mhz Limit: 2300
Processor Information for processor 13
  Max Mhz: 2300, Current Mhz: 2300, Mhz Limit: 2300
Processor Information for processor 14
  Max Mhz: 2300, Current Mhz: 2300, Mhz Limit: 2300
Processor Information for processor 15
  Max Mhz: 2300, Current Mhz: 1488, Mhz Limit: 2300

Memory: 4k page, system-wide physical 16004M (615M free)
TotalPageFile size 43652M (AvailPageFile size 14760M)
current process WorkingSet (physical memory assigned to process): 415M, peak: 417M
current process commit charge ("private bytes"): 491M, peak: 522M

vm_info: Java HotSpot(TM) 64-Bit Server VM (21.0.2+13-LTS-58) for windows-amd64 JRE (21.0.2+13-LTS-58), built on 2024-01-05T18:32:24Z by "mach5one" with MS VC++ 17.1 (VS2022)

END.
